[debug] > Exec(early(addDefaultCommands), None, None)
[debug] > Exec(addDefaultCommands, None, None)
[debug] > Exec(early(initialize), None, None)
[debug] > Exec(initialize, None, None)
[debug] > Exec(boot, None, None)
[debug] > Exec(writeSbtVersion, None, None)
[debug] > Exec(reload, None, None)
[debug] > Exec(sbtStashOnFailure, None, None)
[debug] > Exec(onFailure loadFailed, None, None)
[debug] > Exec(loadp, None, None)
[info] welcome to sbt 1.6.2 (Oracle Corporation Java 17.0.3.1)
[debug] Load.defaultLoad until apply took 544.5941ms
[debug]           Load.loadUnit: plugins took 96.1512ms
[debug]           Load.loadUnit: defsScala took 0.4332ms
[debug] [Loading] Scanning directory D:\CONTENU\Hadoop\Github\Formation_SPARK_IDSI\project
[debug] [Loading] Found non-root projects 
[debug] [Loading] Done in D:\CONTENU\Hadoop\Github\Formation_SPARK_IDSI\project, returning: ()
[debug] deducing auto plugins based on known facts Set(Atom(sbt.plugins.CorePlugin)) and clauses Clauses(Clause(Atom(sbt.plugins.JvmPlugin),Set(Atom(sbt.plugins.IvyPlugin)))
[debug] Clause(Atom(sbt.ScriptedPlugin),Set(Atom(sbt.plugins.JvmPlugin)))
[debug] Clause(Atom(sbt.plugins.SbtPlugin),Set(Atom(sbt.ScriptedPlugin)))
[debug] Clause(Atom(sbt.plugins.SemanticdbPlugin),Set(Atom(sbt.plugins.JvmPlugin)))
[debug] Clause(Atom(sbt.plugins.JUnitXmlReportPlugin),Set(Atom(sbt.plugins.JvmPlugin)))
[debug] Clause(Atom(sbt.plugins.MiniDependencyTreePlugin),Set(Atom(sbt.plugins.JvmPlugin)))
[debug] Clause(Atom(sbt.plugins.CorePlugin),Set(Atom(sbt.plugins.IvyPlugin)))
[debug] Clause(Atom(sbt.plugins.IvyPlugin),Set(Atom(sbt.plugins.JvmPlugin)))
[debug] Clause(Atom(sbt.plugins.JvmPlugin),Set(Atom(sbt.plugins.SemanticdbPlugin)))
[debug] Clause(Atom(sbt.plugins.JvmPlugin),Set(Atom(sbt.plugins.JUnitXmlReportPlugin)))
[debug] Clause(Atom(sbt.plugins.CorePlugin),Set(Atom(sbt.plugins.Giter8TemplatePlugin)))
[debug] Clause(Atom(sbt.plugins.JvmPlugin),Set(Atom(sbt.plugins.MiniDependencyTreePlugin))))
[debug]   :: deduced result: Matched(sbt.plugins.CorePlugin,sbt.plugins.Giter8TemplatePlugin,sbt.plugins.IvyPlugin,sbt.plugins.JvmPlugin,sbt.plugins.MiniDependencyTreePlugin,sbt.plugins.JUnitXmlReportPlugin,sbt.plugins.SemanticdbPlugin)
[debug] Plugins.deducer#function took 22.5009 ms
[debug]               Load.resolveProject(formation_spark_idsi-build) took 52.5455ms
[debug]             Load.loadTransitive: finalizeProject(Project(id formation_spark_idsi-build, base: D:\CONTENU\Hadoop\Github\Formation_SPARK_IDSI\project, plugins: List(<none>))) took 100.8132ms
[debug] [Loading] Done in D:\CONTENU\Hadoop\Github\Formation_SPARK_IDSI\project, returning: (formation_spark_idsi-build)
[debug]           Load.loadUnit: loadedProjectsRaw took 129.0949ms
[debug]           Load.loadUnit: cleanEvalClasses took 0.2898ms
[debug]         Load.loadUnit(file:/D:/CONTENU/Hadoop/Github/Formation_SPARK_IDSI/project/, ...) took 234.1354ms
[debug]       Load.apply: load took 598.0492ms
[debug]       Load.apply: resolveProjects took 7.8402ms
[debug]       Load.apply: finalTransforms took 83.4709ms
[debug]       Load.apply: config.delegates took 10.5231ms
[debug]       Load.apply: Def.make(settings)... took 450.3748ms
[debug]       Load.apply: structureIndex took 125.4936ms
[debug]       Load.apply: mkStreams took 1.7247ms
[info] loading project definition from D:\CONTENU\Hadoop\Github\Formation_SPARK_IDSI\project
[debug] Running task... Cancel: Signal, check cycles: false, forcegc: true
