[debug] > Exec(early(addDefaultCommands), None, None)
[debug] > Exec(addDefaultCommands, None, None)
[debug] > Exec(early(initialize), None, None)
[debug] > Exec(initialize, None, None)
[debug] > Exec(boot, None, None)
[debug] > Exec(writeSbtVersion, None, None)
[debug] > Exec(reload, None, None)
[debug] > Exec(sbtStashOnFailure, None, None)
[debug] > Exec(onFailure loadFailed, None, None)
[debug] > Exec(loadp, None, None)
[info] welcome to sbt 1.6.2 (Private Build Java 11.0.15)
[debug] Load.defaultLoad until apply took 822.909262ms
[debug]           Load.loadUnit: plugins took 279.451746ms
[debug]           Load.loadUnit: defsScala took 0.473353ms
[debug] [Loading] Scanning directory /home/bilou/IdeaProjects/Formation_SPARK_IDSI/project
[debug] [Loading] Found non-root projects 
[debug] [Loading] Done in /home/bilou/IdeaProjects/Formation_SPARK_IDSI/project, returning: ()
[debug] deducing auto plugins based on known facts Set(Atom(sbt.plugins.CorePlugin)) and clauses Clauses(Clause(Atom(sbt.plugins.JvmPlugin),Set(Atom(sbt.plugins.IvyPlugin)))
[debug] Clause(Atom(sbt.ScriptedPlugin),Set(Atom(sbt.plugins.JvmPlugin)))
[debug] Clause(Atom(sbt.plugins.SbtPlugin),Set(Atom(sbt.ScriptedPlugin)))
[debug] Clause(Atom(sbt.plugins.SemanticdbPlugin),Set(Atom(sbt.plugins.JvmPlugin)))
[debug] Clause(Atom(sbt.plugins.JUnitXmlReportPlugin),Set(Atom(sbt.plugins.JvmPlugin)))
[debug] Clause(Atom(sbt.plugins.MiniDependencyTreePlugin),Set(Atom(sbt.plugins.JvmPlugin)))
[debug] Clause(Atom(sbt.plugins.CorePlugin),Set(Atom(sbt.plugins.IvyPlugin)))
[debug] Clause(Atom(sbt.plugins.IvyPlugin),Set(Atom(sbt.plugins.JvmPlugin)))
[debug] Clause(Atom(sbt.plugins.JvmPlugin),Set(Atom(sbt.plugins.SemanticdbPlugin)))
[debug] Clause(Atom(sbt.plugins.JvmPlugin),Set(Atom(sbt.plugins.JUnitXmlReportPlugin)))
[debug] Clause(Atom(sbt.plugins.CorePlugin),Set(Atom(sbt.plugins.Giter8TemplatePlugin)))
[debug] Clause(Atom(sbt.plugins.JvmPlugin),Set(Atom(sbt.plugins.MiniDependencyTreePlugin))))
[debug]   :: deduced result: Matched(sbt.plugins.CorePlugin,sbt.plugins.Giter8TemplatePlugin,sbt.plugins.IvyPlugin,sbt.plugins.JvmPlugin,sbt.plugins.MiniDependencyTreePlugin,sbt.plugins.JUnitXmlReportPlugin,sbt.plugins.SemanticdbPlugin)
[debug] Plugins.deducer#function took 39.685146 ms
[debug]               Load.resolveProject(formation_spark_idsi-build) took 138.516889ms
[debug]             Load.loadTransitive: finalizeProject(Project(id formation_spark_idsi-build, base: /home/bilou/IdeaProjects/Formation_SPARK_IDSI/project, plugins: List(<none>))) took 312.756917ms
[debug] [Loading] Done in /home/bilou/IdeaProjects/Formation_SPARK_IDSI/project, returning: (formation_spark_idsi-build)
[debug]           Load.loadUnit: loadedProjectsRaw took 346.899769ms
[debug]           Load.loadUnit: cleanEvalClasses took 0.480518ms
[debug]         Load.loadUnit(file:/home/bilou/IdeaProjects/Formation_SPARK_IDSI/project/, ...) took 640.973504ms
[debug]       Load.apply: load took 1136.577958ms
[debug]       Load.apply: resolveProjects took 12.363738ms
[debug]       Load.apply: finalTransforms took 150.250976ms
[debug]       Load.apply: config.delegates took 13.152226ms
[debug]       Load.apply: Def.make(settings)... took 1012.299163ms
[debug]       Load.apply: structureIndex took 165.504239ms
[debug]       Load.apply: mkStreams took 2.131359ms
[info] loading project definition from /home/bilou/IdeaProjects/Formation_SPARK_IDSI/project
[debug] Running task... Cancel: Signal, check cycles: false, forcegc: true
[debug]     Load.loadUnit: plugins took 5362.857561ms
[debug]     Load.loadUnit: defsScala took 0.005174ms
[debug] [Loading] Scanning directory /home/bilou/IdeaProjects/Formation_SPARK_IDSI
[debug]       Load.loadUnit: mkEval took 6.995487ms
[debug] [Loading] Found non-root projects 
[debug] [Loading] Done in /home/bilou/IdeaProjects/Formation_SPARK_IDSI, returning: ()
[debug] deducing auto plugins based on known facts Set(Atom(sbt.plugins.CorePlugin)) and clauses Clauses(Clause(Atom(sbt.plugins.JvmPlugin),Set(Atom(sbt.plugins.IvyPlugin)))
[debug] Clause(Atom(sbt.ScriptedPlugin),Set(Atom(sbt.plugins.JvmPlugin)))
[debug] Clause(Atom(sbt.plugins.SbtPlugin),Set(Atom(sbt.ScriptedPlugin)))
[debug] Clause(Atom(sbt.plugins.SemanticdbPlugin),Set(Atom(sbt.plugins.JvmPlugin)))
[debug] Clause(Atom(sbt.plugins.JUnitXmlReportPlugin),Set(Atom(sbt.plugins.JvmPlugin)))
[debug] Clause(Atom(sbt.plugins.MiniDependencyTreePlugin),Set(Atom(sbt.plugins.JvmPlugin)))
[debug] Clause(Atom(sbt.plugins.CorePlugin),Set(Atom(sbt.plugins.IvyPlugin)))
[debug] Clause(Atom(sbt.plugins.IvyPlugin),Set(Atom(sbt.plugins.JvmPlugin)))
[debug] Clause(Atom(sbt.plugins.JvmPlugin),Set(Atom(sbt.plugins.SemanticdbPlugin)))
[debug] Clause(Atom(sbt.plugins.JvmPlugin),Set(Atom(sbt.plugins.JUnitXmlReportPlugin)))
[debug] Clause(Atom(sbt.plugins.CorePlugin),Set(Atom(sbt.plugins.Giter8TemplatePlugin)))
[debug] Clause(Atom(sbt.plugins.JvmPlugin),Set(Atom(sbt.plugins.MiniDependencyTreePlugin))))
[debug]   :: deduced result: Matched(sbt.plugins.CorePlugin,sbt.plugins.Giter8TemplatePlugin,sbt.plugins.IvyPlugin,sbt.plugins.JvmPlugin,sbt.plugins.MiniDependencyTreePlugin,sbt.plugins.JUnitXmlReportPlugin,sbt.plugins.SemanticdbPlugin)
[debug] Plugins.deducer#function took 5.72416 ms
[info] loading settings for project formation_spark_idsi from build.sbt ...
[debug]         Load.resolveProject(formation_spark_idsi) took 15.370014ms
[debug]       Load.loadTransitive: finalizeProject(Project(id formation_spark_idsi, base: /home/bilou/IdeaProjects/Formation_SPARK_IDSI, plugins: List(<none>))) took 21.941897ms
[debug] [Loading] Done in /home/bilou/IdeaProjects/Formation_SPARK_IDSI, returning: (formation_spark_idsi)
[debug]     Load.loadUnit: loadedProjectsRaw took 5484.292212ms
[debug]     Load.loadUnit: cleanEvalClasses took 11.283356ms
[debug]   Load.loadUnit(file:/home/bilou/IdeaProjects/Formation_SPARK_IDSI/, ...) took 10861.174494ms
[debug] Load.apply: load took 10913.280169ms
[debug] Load.apply: resolveProjects took 0.153483ms
[debug] Load.apply: finalTransforms took 59.047077ms
[debug] Load.apply: config.delegates took 4.208869ms
[debug] Load.apply: Def.make(settings)... took 361.163134ms
[debug] Load.apply: structureIndex took 99.106225ms
[debug] Load.apply: mkStreams took 0.003896ms
[info] set current project to Formation_SPARK_IDSI (in build file:/home/bilou/IdeaProjects/Formation_SPARK_IDSI/)
[debug] > Exec(sbtPopOnFailure, None, None)
[debug] > Exec(resumeFromFailure, None, None)
[debug] > Exec(notifyUsersAboutShell, None, None)
[debug] > Exec(iflast shell, None, None)
[debug] > Exec(shell, None, None)
[info] sbt server started at local:///home/bilou/.sbt/1.0/server/40b86f54548101c2fad0/sock
[debug] Writing bsp connection file
[info] started sbt server
